<?xml version="1.0" encoding="UTF-8"?>
<!-- Generated by org.testng.reporters.JUnitReportReporter -->
<testsuite hostname="CPDK116" failures="0" tests="1" name="com.APITesting.FoodMenuHomePage" time="4.727" errors="0" timestamp="2024-07-05T12:30:00 IST" skipped="0">
  <testcase classname="com.APITesting.FoodMenuHomePage" name="GetAPITest2" time="4.727"/>
</testsuite> <!-- com.APITesting.FoodMenuHomePage -->
