<?xml version="1.0" encoding="UTF-8"?>
<!-- Generated by org.testng.reporters.JUnitReportReporter -->
<testsuite hostname="CPDK116" failures="0" tests="1" name="com.APITesting.TestGetAndPostRequest" time="4.884" errors="0" timestamp="2024-07-05T14:45:51 IST" skipped="0">
  <testcase classname="com.APITesting.TestGetAndPostRequest" name="testGet2" time="4.884"/>
</testsuite> <!-- com.APITesting.TestGetAndPostRequest -->
